[2026-05-08 17:06:05][INFO] SoundModule initialized.
[2026-05-08 17:06:07][INFO] Render backend initialized: Dx11RenderBackend | width=1280 | height=720
[2026-05-08 17:06:07][INFO] GpuModule initialized.
[2026-05-08 17:06:07][INFO] RenderModule initialized.
[2026-05-08 17:06:07][INFO] Logger startup complete.
[2026-05-08 17:06:07][INFO] XAudio2AudioBackend initialized.
[2026-05-08 17:06:07][INFO] SoundModule started | available = true
[2026-05-08 17:06:07][INFO] GpuModule started.
[2026-05-08 17:06:07][INFO] RenderModule started.
[2026-05-08 17:06:07][INFO] EngineCore startup complete.
[2026-05-08 17:06:07][INFO] Studio: engine bridge initialized.
[2026-05-08 17:06:07][INFO] Studio: HTTP server bound to http://127.0.0.1:37620 serving C:/Users/Neilwinn Pineda/Documents/Engine-Chili2.0/build/bin/studio/coretools/runtime
[2026-05-08 17:06:07][INFO] Studio: shell boot complete.
[2026-05-08 17:06:07][INFO] Studio: native outer window is active.
[2026-05-08 17:06:07][INFO] Studio: CoreTools entry = C:\Users\Neilwinn Pineda\Documents\Engine-Chili2.0\build\bin\studio/coretools/runtime/left-bar/left-bar.html
[2026-05-08 17:06:07][INFO] Studio: top bar entry = C:\Users\Neilwinn Pineda\Documents\Engine-Chili2.0\build\bin\studio/coretools/runtime/top-bar/top-bar.html
[2026-05-08 17:06:07][INFO] Studio: shell chrome = docked-top and docked-left via engine web dialog API.
[2026-05-08 17:06:07][INFO] Studio: File actions are driven by HTML dialogs through the Studio HTTP bridge.
[2026-05-08 17:06:07][INFO] Studio: native host entering main loop.
[2026-05-08 17:06:07][INFO] Studio: close the native window or press Escape to stop the studio host.
[2026-05-08 17:06:08][INFO] Render backend resized: Dx11RenderBackend | width=1536 | height=793
[2026-05-08 17:06:08][INFO] Platform event: window activated.
[2026-05-08 17:06:08][INFO] Window: 1536 x 793 | Viewport: 96, 82, 1140, 563 | Aspect: 2.0249
[2026-05-08 17:06:17][INFO] Emitting diagnostics report | time = 10.025352
[2026-05-08 17:06:27][INFO] Emitting diagnostics report | time = 20.008742
[2026-05-08 17:06:37][INFO] Emitting diagnostics report | time = 30.009132
[2026-05-08 17:06:47][INFO] Emitting diagnostics report | time = 40.007471
[2026-05-08 17:06:58][INFO] Emitting diagnostics report | time = 50.782250
[2026-05-08 17:07:07][INFO] Emitting diagnostics report | time = 60.012105
[2026-05-08 17:07:17][INFO] Emitting diagnostics report | time = 70.009927
[2026-05-08 17:07:19][WARN] Platform event: window closed.
[2026-05-08 17:07:19][WARN] Platform event: window deactivated.
[2026-05-08 17:07:19][INFO] Window open state changed: false
[2026-05-08 17:07:19][INFO] Window active state changed: false
[2026-05-08 17:07:19][INFO] Studio: engine tick requested host shutdown.
[2026-05-08 17:07:19][INFO] Studio: HTTP server stopped.
[2026-05-08 17:07:19][INFO] Studio: engine bridge shutting down.
[2026-05-08 17:07:19][INFO] Shutdown summary | loops = 2772 | uptime = 71.457063 | total time = 71.457063
[2026-05-08 17:07:19][INFO] RenderModule shutdown.
[2026-05-08 17:07:24][INFO] Render backend shutdown: Dx11RenderBackend
[2026-05-08 17:07:24][INFO] GpuModule shutdown.
[2026-05-08 17:07:24][INFO] SoundModule shutdown.
[2026-05-08 17:07:24][INFO] Logger shutdown.
[2026-05-08 17:10:05][INFO] SoundModule initialized.
[2026-05-08 17:10:07][INFO] Render backend initialized: Dx11RenderBackend | width=1280 | height=720
[2026-05-08 17:10:07][INFO] GpuModule initialized.
[2026-05-08 17:10:07][INFO] RenderModule initialized.
[2026-05-08 17:10:07][INFO] Logger startup complete.
[2026-05-08 17:10:08][INFO] XAudio2AudioBackend initialized.
[2026-05-08 17:10:08][INFO] SoundModule started | available = true
[2026-05-08 17:10:08][INFO] GpuModule started.
[2026-05-08 17:10:08][INFO] RenderModule started.
[2026-05-08 17:10:08][INFO] EngineCore startup complete.
[2026-05-08 17:10:08][INFO] Studio: engine bridge initialized.
[2026-05-08 17:10:08][INFO] Studio: HTTP server bound to http://127.0.0.1:37620 serving C:/Users/Neilwinn Pineda/Documents/Engine-Chili2.0/build/bin/studio/coretools/runtime
[2026-05-08 17:10:08][INFO] Studio: shell boot complete.
[2026-05-08 17:10:08][INFO] Studio: native outer window is active.
[2026-05-08 17:10:08][INFO] Studio: CoreTools entry = C:\Users\Neilwinn Pineda\Documents\Engine-Chili2.0\build\bin\studio/coretools/runtime/left-bar/left-bar.html
[2026-05-08 17:10:08][INFO] Studio: top bar entry = C:\Users\Neilwinn Pineda\Documents\Engine-Chili2.0\build\bin\studio/coretools/runtime/top-bar/top-bar.html
[2026-05-08 17:10:08][INFO] Studio: shell chrome = docked-top and docked-left via engine web dialog API.
[2026-05-08 17:10:08][INFO] Studio: File actions are driven by HTML dialogs through the Studio HTTP bridge.
[2026-05-08 17:10:08][INFO] Studio: native host entering main loop.
[2026-05-08 17:10:08][INFO] Studio: close the native window or press Escape to stop the studio host.
[2026-05-08 17:10:08][INFO] Render backend resized: Dx11RenderBackend | width=1536 | height=793
[2026-05-08 17:10:08][INFO] Platform event: window activated.
[2026-05-08 17:10:08][INFO] Window: 1536 x 793 | Viewport: 96, 82, 1140, 563 | Aspect: 2.0249
[2026-05-08 17:10:17][INFO] Emitting diagnostics report | time = 10.020156
[2026-05-08 17:10:27][INFO] Emitting diagnostics report | time = 20.018179
[2026-05-08 17:10:30][WARN] Platform event: window closed.
[2026-05-08 17:10:30][WARN] Platform event: window deactivated.
[2026-05-08 17:10:30][INFO] Window open state changed: false
[2026-05-08 17:10:30][INFO] Window active state changed: false
[2026-05-08 17:10:30][INFO] Studio: engine tick requested host shutdown.
[2026-05-08 17:10:30][INFO] Studio: HTTP server stopped.
[2026-05-08 17:10:30][INFO] Studio: engine bridge shutting down.
[2026-05-08 17:10:30][INFO] Shutdown summary | loops = 838 | uptime = 23.379748 | total time = 23.379748
[2026-05-08 17:10:30][INFO] RenderModule shutdown.
[2026-05-08 17:10:37][INFO] Render backend shutdown: Dx11RenderBackend
[2026-05-08 17:10:37][INFO] GpuModule shutdown.
[2026-05-08 17:10:37][INFO] SoundModule shutdown.
[2026-05-08 17:10:37][INFO] Logger shutdown.
[2026-05-08 17:12:55][INFO] SoundModule initialized.
[2026-05-08 17:12:56][INFO] Render backend initialized: Dx11RenderBackend | width=1280 | height=720
[2026-05-08 17:12:56][INFO] GpuModule initialized.
[2026-05-08 17:12:56][INFO] RenderModule initialized.
[2026-05-08 17:12:56][INFO] Logger startup complete.
[2026-05-08 17:12:57][INFO] XAudio2AudioBackend initialized.
[2026-05-08 17:12:57][INFO] SoundModule started | available = true
[2026-05-08 17:12:57][INFO] GpuModule started.
[2026-05-08 17:12:57][INFO] RenderModule started.
[2026-05-08 17:12:57][INFO] EngineCore startup complete.
[2026-05-08 17:12:57][INFO] Studio: engine bridge initialized.
[2026-05-08 17:12:57][INFO] Studio: HTTP server bound to http://127.0.0.1:37620 serving C:/Users/Neilwinn Pineda/Documents/Engine-Chili2.0/build/bin/studio/coretools/runtime
[2026-05-08 17:12:57][INFO] Studio: shell boot complete.
[2026-05-08 17:12:57][INFO] Studio: native outer window is active.
[2026-05-08 17:12:57][INFO] Studio: CoreTools entry = C:\Users\Neilwinn Pineda\Documents\Engine-Chili2.0\build\bin\studio/coretools/runtime/left-bar/left-bar.html
[2026-05-08 17:12:57][INFO] Studio: top bar entry = C:\Users\Neilwinn Pineda\Documents\Engine-Chili2.0\build\bin\studio/coretools/runtime/top-bar/top-bar.html
[2026-05-08 17:12:57][INFO] Studio: shell chrome = docked-top and docked-left via engine web dialog API.
[2026-05-08 17:12:57][INFO] Studio: File actions are driven by HTML dialogs through the Studio HTTP bridge.
[2026-05-08 17:12:57][INFO] Studio: native host entering main loop.
[2026-05-08 17:12:57][INFO] Studio: close the native window or press Escape to stop the studio host.
[2026-05-08 17:12:57][INFO] Render backend resized: Dx11RenderBackend | width=1536 | height=793
[2026-05-08 17:12:57][INFO] Platform event: window activated.
[2026-05-08 17:12:57][INFO] Window: 1536 x 793 | Viewport: 96, 82, 1140, 563 | Aspect: 2.0249
[2026-05-08 17:13:06][INFO] Emitting diagnostics report | time = 10.018218
[2026-05-08 17:13:16][INFO] Emitting diagnostics report | time = 20.001532
[2026-05-08 17:13:20][WARN] Platform event: window closed.
[2026-05-08 17:13:20][WARN] Platform event: window deactivated.
[2026-05-08 17:13:20][INFO] Window open state changed: false
[2026-05-08 17:13:20][INFO] Window active state changed: false
[2026-05-08 17:13:20][INFO] Studio: engine tick requested host shutdown.
[2026-05-08 17:13:20][INFO] Studio: HTTP server stopped.
[2026-05-08 17:13:20][INFO] Studio: engine bridge shutting down.
[2026-05-08 17:13:20][INFO] Shutdown summary | loops = 877 | uptime = 23.780445 | total time = 23.780445
[2026-05-08 17:13:20][INFO] RenderModule shutdown.
[2026-05-08 17:13:25][INFO] Render backend shutdown: Dx11RenderBackend
[2026-05-08 17:13:25][INFO] GpuModule shutdown.
[2026-05-08 17:13:27][INFO] SoundModule shutdown.
[2026-05-08 17:13:27][INFO] Logger shutdown.
[2026-05-08 17:13:43][INFO] SoundModule initialized.
[2026-05-08 17:13:45][INFO] Render backend initialized: Dx11RenderBackend | width=1280 | height=720
[2026-05-08 17:13:45][INFO] GpuModule initialized.
[2026-05-08 17:13:45][INFO] RenderModule initialized.
[2026-05-08 17:13:45][INFO] Logger startup complete.
[2026-05-08 17:13:46][INFO] XAudio2AudioBackend initialized.
[2026-05-08 17:13:46][INFO] SoundModule started | available = true
[2026-05-08 17:13:46][INFO] GpuModule started.
[2026-05-08 17:13:46][INFO] RenderModule started.
[2026-05-08 17:13:46][INFO] EngineCore startup complete.
[2026-05-08 17:13:46][INFO] Studio: engine bridge initialized.
[2026-05-08 17:13:46][INFO] Studio: HTTP server bound to http://127.0.0.1:37620 serving C:/Users/Neilwinn Pineda/Documents/Engine-Chili2.0/build/bin/studio/coretools/runtime
[2026-05-08 17:13:46][INFO] Studio: shell boot complete.
[2026-05-08 17:13:46][INFO] Studio: native outer window is active.
[2026-05-08 17:13:46][INFO] Studio: CoreTools entry = C:\Users\Neilwinn Pineda\Documents\Engine-Chili2.0\build\bin\studio/coretools/runtime/left-bar/left-bar.html
[2026-05-08 17:13:46][INFO] Studio: top bar entry = C:\Users\Neilwinn Pineda\Documents\Engine-Chili2.0\build\bin\studio/coretools/runtime/top-bar/top-bar.html
[2026-05-08 17:13:46][INFO] Studio: shell chrome = docked-top and docked-left via engine web dialog API.
[2026-05-08 17:13:46][INFO] Studio: File actions are driven by HTML dialogs through the Studio HTTP bridge.
[2026-05-08 17:13:46][INFO] Studio: native host entering main loop.
[2026-05-08 17:13:46][INFO] Studio: close the native window or press Escape to stop the studio host.
[2026-05-08 17:13:46][INFO] Render backend resized: Dx11RenderBackend | width=1536 | height=793
[2026-05-08 17:13:46][INFO] Platform event: window activated.
[2026-05-08 17:13:46][INFO] Window: 1536 x 793 | Viewport: 96, 82, 1140, 563 | Aspect: 2.0249
[2026-05-08 17:13:55][INFO] Emitting diagnostics report | time = 10.029087
[2026-05-08 17:14:05][INFO] Emitting diagnostics report | time = 20.027231
[2026-05-08 17:14:15][INFO] Emitting diagnostics report | time = 30.006688
[2026-05-08 17:14:17][WARN] Platform event: window closed.
[2026-05-08 17:14:17][WARN] Platform event: window deactivated.
[2026-05-08 17:14:17][INFO] Window open state changed: false
[2026-05-08 17:14:17][INFO] Window active state changed: false
[2026-05-08 17:14:17][INFO] Studio: engine tick requested host shutdown.
[2026-05-08 17:14:17][INFO] Studio: HTTP server stopped.
[2026-05-08 17:14:17][INFO] Studio: engine bridge shutting down.
[2026-05-08 17:14:17][INFO] Shutdown summary | loops = 1230 | uptime = 32.431023 | total time = 32.431023
[2026-05-08 17:14:17][INFO] RenderModule shutdown.
[2026-05-08 17:14:19][INFO] Render backend shutdown: Dx11RenderBackend
[2026-05-08 17:14:19][INFO] GpuModule shutdown.
[2026-05-08 17:14:20][INFO] SoundModule shutdown.
[2026-05-08 17:14:20][INFO] Logger shutdown.
[2026-05-08 17:18:05][INFO] SoundModule initialized.
[2026-05-08 17:18:07][INFO] Render backend initialized: Dx11RenderBackend | width=1280 | height=720
[2026-05-08 17:18:07][INFO] GpuModule initialized.
[2026-05-08 17:18:07][INFO] RenderModule initialized.
[2026-05-08 17:18:07][INFO] Logger startup complete.
[2026-05-08 17:18:08][INFO] XAudio2AudioBackend initialized.
[2026-05-08 17:18:08][INFO] SoundModule started | available = true
[2026-05-08 17:18:08][INFO] GpuModule started.
[2026-05-08 17:18:08][INFO] RenderModule started.
[2026-05-08 17:18:08][INFO] EngineCore startup complete.
[2026-05-08 17:18:08][INFO] Studio: engine bridge initialized.
[2026-05-08 17:18:08][INFO] Studio: HTTP server bound to http://127.0.0.1:37620 serving C:/Users/Neilwinn Pineda/Documents/Engine-Chili2.0/build/bin/studio/coretools/runtime
[2026-05-08 17:18:08][INFO] Studio: shell boot complete.
[2026-05-08 17:18:08][INFO] Studio: native outer window is active.
[2026-05-08 17:18:08][INFO] Studio: CoreTools entry = C:\Users\Neilwinn Pineda\Documents\Engine-Chili2.0\build\bin\studio/coretools/runtime/left-bar/left-bar.html
[2026-05-08 17:18:08][INFO] Studio: top bar entry = C:\Users\Neilwinn Pineda\Documents\Engine-Chili2.0\build\bin\studio/coretools/runtime/top-bar/top-bar.html
[2026-05-08 17:18:08][INFO] Studio: shell chrome = docked-top and docked-left via engine web dialog API.
[2026-05-08 17:18:08][INFO] Studio: File actions are driven by HTML dialogs through the Studio HTTP bridge.
[2026-05-08 17:18:08][INFO] Studio: native host entering main loop.
[2026-05-08 17:18:08][INFO] Studio: close the native window or press Escape to stop the studio host.
[2026-05-08 17:18:08][INFO] Render backend resized: Dx11RenderBackend | width=1536 | height=793
[2026-05-08 17:18:08][INFO] Platform event: window activated.
[2026-05-08 17:18:08][INFO] Window: 1536 x 793 | Viewport: 96, 82, 1140, 563 | Aspect: 2.0249
[2026-05-08 17:18:17][INFO] Emitting diagnostics report | time = 10.005242
[2026-05-08 17:18:27][INFO] Emitting diagnostics report | time = 20.014543
[2026-05-08 17:18:37][INFO] Emitting diagnostics report | time = 30.002744
[2026-05-08 17:18:47][INFO] Emitting diagnostics report | time = 40.017438
[2026-05-08 17:18:50][WARN] Platform event: window closed.
[2026-05-08 17:18:50][WARN] Platform event: window deactivated.
[2026-05-08 17:18:50][INFO] Window open state changed: false
[2026-05-08 17:18:50][INFO] Window active state changed: false
[2026-05-08 17:18:50][INFO] Studio: engine tick requested host shutdown.
[2026-05-08 17:18:50][INFO] Studio: HTTP server stopped.
[2026-05-08 17:18:50][INFO] Studio: engine bridge shutting down.
[2026-05-08 17:18:50][INFO] Shutdown summary | loops = 1678 | uptime = 43.079204 | total time = 43.079204
[2026-05-08 17:18:50][INFO] RenderModule shutdown.
[2026-05-08 17:18:53][INFO] Render backend shutdown: Dx11RenderBackend
[2026-05-08 17:18:53][INFO] GpuModule shutdown.
[2026-05-08 17:19:01][INFO] SoundModule shutdown.
[2026-05-08 17:19:01][INFO] Logger shutdown.
[2026-05-08 19:41:35][INFO] SoundModule initialized.
[2026-05-08 19:41:37][INFO] Render backend initialized: Dx11RenderBackend | width=1280 | height=720
[2026-05-08 19:41:37][INFO] GpuModule initialized.
[2026-05-08 19:41:37][INFO] RenderModule initialized.
[2026-05-08 19:41:37][INFO] Logger startup complete.
[2026-05-08 19:41:37][INFO] XAudio2AudioBackend initialized.
[2026-05-08 19:41:37][INFO] SoundModule started | available = true
[2026-05-08 19:41:37][INFO] GpuModule started.
[2026-05-08 19:41:37][INFO] RenderModule started.
[2026-05-08 19:41:37][INFO] EngineCore startup complete.
[2026-05-08 19:41:37][INFO] Studio: engine bridge initialized.
[2026-05-08 19:41:37][INFO] Studio: HTTP server bound to http://127.0.0.1:37620 serving C:/Users/Neilwinn Pineda/Documents/Engine-Chili2.0/build/bin/studio/coretools/runtime
[2026-05-08 19:41:37][INFO] Studio: shell boot complete.
[2026-05-08 19:41:37][INFO] Studio: native outer window is active.
[2026-05-08 19:41:37][INFO] Studio: CoreTools entry = C:\Users\Neilwinn Pineda\Documents\Engine-Chili2.0\build\bin\studio/coretools/runtime/left-bar/left-bar.html
[2026-05-08 19:41:37][INFO] Studio: top bar entry = C:\Users\Neilwinn Pineda\Documents\Engine-Chili2.0\build\bin\studio/coretools/runtime/top-bar/top-bar.html
[2026-05-08 19:41:37][INFO] Studio: shell chrome = docked-top and docked-left via engine web dialog API.
[2026-05-08 19:41:37][INFO] Studio: File actions are driven by HTML dialogs through the Studio HTTP bridge.
[2026-05-08 19:41:37][INFO] Studio: native host entering main loop.
[2026-05-08 19:41:37][INFO] Studio: close the native window or press Escape to stop the studio host.
[2026-05-08 19:41:37][INFO] Render backend resized: Dx11RenderBackend | width=1536 | height=793
[2026-05-08 19:41:37][INFO] Platform event: window activated.
[2026-05-08 19:41:37][INFO] Window: 1536 x 793 | Viewport: 96, 82, 1140, 563 | Aspect: 2.0249
[2026-05-08 19:41:47][INFO] Emitting diagnostics report | time = 10.001777
[2026-05-08 19:41:57][INFO] Emitting diagnostics report | time = 20.001338
[2026-05-08 19:42:07][INFO] Emitting diagnostics report | time = 30.006231
[2026-05-08 19:42:17][INFO] Emitting diagnostics report | time = 40.020745
[2026-05-08 19:42:26][WARN] Platform event: window closed.
[2026-05-08 19:42:26][WARN] Platform event: window deactivated.
[2026-05-08 19:42:26][INFO] Window open state changed: false
[2026-05-08 19:42:26][INFO] Window active state changed: false
[2026-05-08 19:42:26][INFO] Studio: engine tick requested host shutdown.
[2026-05-08 19:42:26][INFO] Studio: HTTP server stopped.
[2026-05-08 19:42:26][INFO] Studio: engine bridge shutting down.
[2026-05-08 19:42:26][INFO] Shutdown summary | loops = 2043 | uptime = 49.459525 | total time = 49.459525
[2026-05-08 19:42:26][INFO] RenderModule shutdown.
[2026-05-08 19:42:26][INFO] Render backend shutdown: Dx11RenderBackend
[2026-05-08 19:42:26][INFO] GpuModule shutdown.
[2026-05-08 19:42:26][INFO] SoundModule shutdown.
[2026-05-08 19:42:26][INFO] Logger shutdown.
[2026-05-08 19:46:05][INFO] SoundModule initialized.
[2026-05-08 19:46:06][INFO] Render backend initialized: Dx11RenderBackend | width=1280 | height=720
[2026-05-08 19:46:06][INFO] GpuModule initialized.
[2026-05-08 19:46:06][INFO] RenderModule initialized.
[2026-05-08 19:46:06][INFO] Logger startup complete.
[2026-05-08 19:46:06][INFO] XAudio2AudioBackend initialized.
[2026-05-08 19:46:06][INFO] SoundModule started | available = true
[2026-05-08 19:46:06][INFO] GpuModule started.
[2026-05-08 19:46:06][INFO] RenderModule started.
[2026-05-08 19:46:06][INFO] EngineCore startup complete.
[2026-05-08 19:46:06][INFO] Studio: engine bridge initialized.
[2026-05-08 19:46:06][INFO] Studio: HTTP server bound to http://127.0.0.1:37620 serving C:/Users/Neilwinn Pineda/Documents/Engine-Chili2.0/build/bin/studio/coretools/runtime
[2026-05-08 19:46:06][INFO] Studio: shell boot complete.
[2026-05-08 19:46:06][INFO] Studio: native outer window is active.
[2026-05-08 19:46:06][INFO] Studio: CoreTools entry = C:\Users\Neilwinn Pineda\Documents\Engine-Chili2.0\build\bin\studio/coretools/runtime/left-bar/left-bar.html
[2026-05-08 19:46:06][INFO] Studio: top bar entry = C:\Users\Neilwinn Pineda\Documents\Engine-Chili2.0\build\bin\studio/coretools/runtime/top-bar/top-bar.html
[2026-05-08 19:46:06][INFO] Studio: shell chrome = docked-top and docked-left via engine web dialog API.
[2026-05-08 19:46:06][INFO] Studio: File actions are driven by HTML dialogs through the Studio HTTP bridge.
[2026-05-08 19:46:06][INFO] Studio: native host entering main loop.
[2026-05-08 19:46:06][INFO] Studio: close the native window or press Escape to stop the studio host.
[2026-05-08 19:46:06][INFO] Render backend resized: Dx11RenderBackend | width=1536 | height=793
[2026-05-08 19:46:06][INFO] Platform event: window activated.
[2026-05-08 19:46:06][INFO] Window: 1536 x 793 | Viewport: 96, 82, 1140, 563 | Aspect: 2.0249
[2026-05-08 19:46:16][INFO] Emitting diagnostics report | time = 10.002415
[2026-05-08 19:46:20][WARN] Platform event: window closed.
[2026-05-08 19:46:20][WARN] Platform event: window deactivated.
[2026-05-08 19:46:20][INFO] Window open state changed: false
[2026-05-08 19:46:20][INFO] Window active state changed: false
[2026-05-08 19:46:20][INFO] Studio: engine tick requested host shutdown.
[2026-05-08 19:46:20][INFO] Studio: HTTP server stopped.
[2026-05-08 19:46:20][INFO] Studio: engine bridge shutting down.
[2026-05-08 19:46:20][INFO] Shutdown summary | loops = 540 | uptime = 13.599115 | total time = 13.599115
[2026-05-08 19:46:20][INFO] RenderModule shutdown.
[2026-05-08 19:46:20][INFO] Render backend shutdown: Dx11RenderBackend
[2026-05-08 19:46:20][INFO] GpuModule shutdown.
[2026-05-08 19:46:20][INFO] SoundModule shutdown.
[2026-05-08 19:46:20][INFO] Logger shutdown.
[2026-05-08 19:46:24][INFO] SoundModule initialized.
[2026-05-08 19:46:25][INFO] Render backend initialized: Dx11RenderBackend | width=1280 | height=720
[2026-05-08 19:46:25][INFO] GpuModule initialized.
[2026-05-08 19:46:25][INFO] RenderModule initialized.
[2026-05-08 19:46:25][INFO] Logger startup complete.
[2026-05-08 19:46:26][INFO] XAudio2AudioBackend initialized.
[2026-05-08 19:46:26][INFO] SoundModule started | available = true
[2026-05-08 19:46:26][INFO] GpuModule started.
[2026-05-08 19:46:26][INFO] RenderModule started.
[2026-05-08 19:46:26][INFO] EngineCore startup complete.
[2026-05-08 19:46:26][INFO] Studio: engine bridge initialized.
[2026-05-08 19:46:26][INFO] Studio: HTTP server bound to http://127.0.0.1:37620 serving C:/Users/Neilwinn Pineda/Documents/Engine-Chili2.0/build/bin/studio/coretools/runtime
[2026-05-08 19:46:26][INFO] Studio: shell boot complete.
[2026-05-08 19:46:26][INFO] Studio: native outer window is active.
[2026-05-08 19:46:26][INFO] Studio: CoreTools entry = C:\Users\Neilwinn Pineda\Documents\Engine-Chili2.0\build\bin\studio/coretools/runtime/left-bar/left-bar.html
[2026-05-08 19:46:26][INFO] Studio: top bar entry = C:\Users\Neilwinn Pineda\Documents\Engine-Chili2.0\build\bin\studio/coretools/runtime/top-bar/top-bar.html
[2026-05-08 19:46:26][INFO] Studio: shell chrome = docked-top and docked-left via engine web dialog API.
[2026-05-08 19:46:26][INFO] Studio: File actions are driven by HTML dialogs through the Studio HTTP bridge.
[2026-05-08 19:46:26][INFO] Studio: native host entering main loop.
[2026-05-08 19:46:26][INFO] Studio: close the native window or press Escape to stop the studio host.
[2026-05-08 19:46:26][INFO] Render backend resized: Dx11RenderBackend | width=1536 | height=793
[2026-05-08 19:46:26][INFO] Platform event: window activated.
[2026-05-08 19:46:26][INFO] Window: 1536 x 793 | Viewport: 96, 82, 1140, 563 | Aspect: 2.0249
[2026-05-08 19:46:36][INFO] Emitting diagnostics report | time = 10.018048
[2026-05-08 19:46:42][WARN] Platform event: window closed.
[2026-05-08 19:46:42][WARN] Platform event: window deactivated.
[2026-05-08 19:46:42][INFO] Window open state changed: false
[2026-05-08 19:46:42][INFO] Window active state changed: false
[2026-05-08 19:46:42][INFO] Studio: engine tick requested host shutdown.
[2026-05-08 19:46:42][INFO] Studio: HTTP server stopped.
[2026-05-08 19:46:42][INFO] Studio: engine bridge shutting down.
[2026-05-08 19:46:42][INFO] Shutdown summary | loops = 663 | uptime = 16.246159 | total time = 16.246159
[2026-05-08 19:46:42][INFO] RenderModule shutdown.
[2026-05-08 19:46:42][INFO] Render backend shutdown: Dx11RenderBackend
[2026-05-08 19:46:42][INFO] GpuModule shutdown.
[2026-05-08 19:46:42][INFO] SoundModule shutdown.
[2026-05-08 19:46:42][INFO] Logger shutdown.
[2026-05-08 19:51:59][INFO] SoundModule initialized.
[2026-05-08 19:52:00][INFO] Render backend initialized: Dx11RenderBackend | width=1280 | height=720
[2026-05-08 19:52:00][INFO] GpuModule initialized.
[2026-05-08 19:52:00][INFO] RenderModule initialized.
[2026-05-08 19:52:00][INFO] Logger startup complete.
[2026-05-08 19:52:01][INFO] XAudio2AudioBackend initialized.
[2026-05-08 19:52:01][INFO] SoundModule started | available = true
[2026-05-08 19:52:01][INFO] GpuModule started.
[2026-05-08 19:52:01][INFO] RenderModule started.
[2026-05-08 19:52:01][INFO] EngineCore startup complete.
[2026-05-08 19:52:01][INFO] Studio: engine bridge initialized.
[2026-05-08 19:52:01][INFO] Studio: HTTP server bound to http://127.0.0.1:37620 serving C:/Users/Neilwinn Pineda/Documents/Engine-Chili2.0/build/bin/studio/coretools/runtime
[2026-05-08 19:52:01][INFO] Studio: shell boot complete.
[2026-05-08 19:52:01][INFO] Studio: native outer window is active.
[2026-05-08 19:52:01][INFO] Studio: CoreTools entry = C:\Users\Neilwinn Pineda\Documents\Engine-Chili2.0\build\bin\studio/coretools/runtime/left-bar/left-bar.html
[2026-05-08 19:52:01][INFO] Studio: top bar entry = C:\Users\Neilwinn Pineda\Documents\Engine-Chili2.0\build\bin\studio/coretools/runtime/top-bar/top-bar.html
[2026-05-08 19:52:01][INFO] Studio: shell chrome = docked-top and docked-left via engine web dialog API.
[2026-05-08 19:52:01][INFO] Studio: File actions are driven by HTML dialogs through the Studio HTTP bridge.
[2026-05-08 19:52:01][INFO] Studio: native host entering main loop.
[2026-05-08 19:52:01][INFO] Studio: close the native window or press Escape to stop the studio host.
[2026-05-08 19:52:01][INFO] Render backend resized: Dx11RenderBackend | width=1536 | height=793
[2026-05-08 19:52:01][INFO] Platform event: window activated.
[2026-05-08 19:52:01][INFO] Window: 1536 x 793 | Viewport: 96, 82, 1140, 563 | Aspect: 2.0249
[2026-05-08 19:52:10][INFO] Emitting diagnostics report | time = 10.027977
[2026-05-08 19:52:17][INFO] Platform event: key down | code = 27
[2026-05-08 19:52:17][WARN] Escape pressed. Requesting shutdown.
[2026-05-08 19:52:17][INFO] Studio: engine tick requested host shutdown.
[2026-05-08 19:52:17][INFO] Studio: HTTP server stopped.
[2026-05-08 19:52:17][INFO] Studio: engine bridge shutting down.
[2026-05-08 19:52:17][INFO] Shutdown summary | loops = 653 | uptime = 16.514755 | total time = 16.514755
[2026-05-08 19:52:17][INFO] RenderModule shutdown.
[2026-05-08 19:52:17][INFO] Render backend shutdown: Dx11RenderBackend
[2026-05-08 19:52:17][INFO] GpuModule shutdown.
[2026-05-08 19:52:17][INFO] SoundModule shutdown.
[2026-05-08 19:52:17][INFO] Logger shutdown.
[2026-05-08 20:00:51][INFO] SoundModule initialized.
[2026-05-08 20:00:52][INFO] Render backend initialized: Dx11RenderBackend | width=1280 | height=720
[2026-05-08 20:00:52][INFO] GpuModule initialized.
[2026-05-08 20:00:52][INFO] RenderModule initialized.
[2026-05-08 20:00:52][INFO] Logger startup complete.
[2026-05-08 20:00:52][INFO] XAudio2AudioBackend initialized.
[2026-05-08 20:00:52][INFO] SoundModule started | available = true
[2026-05-08 20:00:52][INFO] GpuModule started.
[2026-05-08 20:00:52][INFO] RenderModule started.
[2026-05-08 20:00:52][INFO] EngineCore startup complete.
[2026-05-08 20:00:52][INFO] Studio: engine bridge initialized.
[2026-05-08 20:00:52][INFO] Studio: HTTP server bound to http://127.0.0.1:37620 serving C:/Users/Neilwinn Pineda/Documents/Engine-Chili2.0/build/bin/studio/coretools/runtime
[2026-05-08 20:00:52][INFO] Studio: shell boot complete.
[2026-05-08 20:00:52][INFO] Studio: native outer window is active.
[2026-05-08 20:00:52][INFO] Studio: CoreTools entry = C:\Users\Neilwinn Pineda\Documents\Engine-Chili2.0\build\bin\studio/coretools/runtime/left-bar/left-bar.html
[2026-05-08 20:00:52][INFO] Studio: top bar entry = C:\Users\Neilwinn Pineda\Documents\Engine-Chili2.0\build\bin\studio/coretools/runtime/top-bar/top-bar.html
[2026-05-08 20:00:52][INFO] Studio: shell chrome = docked-top and docked-left via engine web dialog API.
[2026-05-08 20:00:52][INFO] Studio: File actions are driven by HTML dialogs through the Studio HTTP bridge.
[2026-05-08 20:00:52][INFO] Studio: native host entering main loop.
[2026-05-08 20:00:52][INFO] Studio: close the native window or press Escape to stop the studio host.
[2026-05-08 20:00:52][INFO] Render backend resized: Dx11RenderBackend | width=1536 | height=793
[2026-05-08 20:00:52][INFO] Platform event: window activated.
[2026-05-08 20:00:52][INFO] Window: 1536 x 793 | Viewport: 96, 82, 1140, 563 | Aspect: 2.0249
[2026-05-08 20:01:02][INFO] Emitting diagnostics report | time = 10.017008
[2026-05-08 20:01:08][WARN] Platform event: window closed.
[2026-05-08 20:01:08][WARN] Platform event: window deactivated.
[2026-05-08 20:01:08][INFO] Window open state changed: false
[2026-05-08 20:01:08][INFO] Window active state changed: false
[2026-05-08 20:01:08][INFO] Studio: engine tick requested host shutdown.
[2026-05-08 20:01:08][INFO] Studio: HTTP server stopped.
[2026-05-08 20:01:08][INFO] Studio: engine bridge shutting down.
[2026-05-08 20:01:08][INFO] Shutdown summary | loops = 636 | uptime = 16.387126 | total time = 16.387126
[2026-05-08 20:01:08][INFO] RenderModule shutdown.
[2026-05-08 20:01:08][INFO] Render backend shutdown: Dx11RenderBackend
[2026-05-08 20:01:08][INFO] GpuModule shutdown.
[2026-05-08 20:01:08][INFO] SoundModule shutdown.
[2026-05-08 20:01:08][INFO] Logger shutdown.
[2026-05-08 20:02:29][INFO] SoundModule initialized.
[2026-05-08 20:02:31][INFO] Render backend initialized: Dx11RenderBackend | width=1280 | height=720
[2026-05-08 20:02:31][INFO] GpuModule initialized.
[2026-05-08 20:02:31][INFO] RenderModule initialized.
[2026-05-08 20:02:31][INFO] Logger startup complete.
[2026-05-08 20:02:31][INFO] XAudio2AudioBackend initialized.
[2026-05-08 20:02:31][INFO] SoundModule started | available = true
[2026-05-08 20:02:31][INFO] GpuModule started.
[2026-05-08 20:02:31][INFO] RenderModule started.
[2026-05-08 20:02:31][INFO] EngineCore startup complete.
[2026-05-08 20:02:31][INFO] Studio: engine bridge initialized.
[2026-05-08 20:02:31][INFO] Studio: HTTP server bound to http://127.0.0.1:37620 serving C:/Users/Neilwinn Pineda/Documents/Engine-Chili2.0/build/bin/studio/coretools/runtime
[2026-05-08 20:02:31][INFO] Studio: shell boot complete.
[2026-05-08 20:02:31][INFO] Studio: native outer window is active.
[2026-05-08 20:02:31][INFO] Studio: CoreTools entry = C:\Users\Neilwinn Pineda\Documents\Engine-Chili2.0\build\bin\studio/coretools/runtime/left-bar/left-bar.html
[2026-05-08 20:02:31][INFO] Studio: top bar entry = C:\Users\Neilwinn Pineda\Documents\Engine-Chili2.0\build\bin\studio/coretools/runtime/top-bar/top-bar.html
[2026-05-08 20:02:31][INFO] Studio: shell chrome = docked-top and docked-left via engine web dialog API.
[2026-05-08 20:02:31][INFO] Studio: File actions are driven by HTML dialogs through the Studio HTTP bridge.
[2026-05-08 20:02:31][INFO] Studio: native host entering main loop.
[2026-05-08 20:02:31][INFO] Studio: close the native window or press Escape to stop the studio host.
[2026-05-08 20:02:31][INFO] Render backend resized: Dx11RenderBackend | width=1536 | height=793
[2026-05-08 20:02:31][INFO] Platform event: window activated.
[2026-05-08 20:02:31][INFO] Window: 1536 x 793 | Viewport: 96, 82, 1140, 563 | Aspect: 2.0249
[2026-05-08 20:02:41][INFO] Emitting diagnostics report | time = 10.012465
[2026-05-08 20:02:44][WARN] Platform event: window closed.
[2026-05-08 20:02:44][WARN] Platform event: window deactivated.
[2026-05-08 20:02:44][INFO] Window open state changed: false
[2026-05-08 20:02:44][INFO] Window active state changed: false
[2026-05-08 20:02:44][INFO] Studio: engine tick requested host shutdown.
[2026-05-08 20:02:44][INFO] Studio: HTTP server stopped.
[2026-05-08 20:02:44][INFO] Studio: engine bridge shutting down.
[2026-05-08 20:02:44][INFO] Shutdown summary | loops = 514 | uptime = 13.014511 | total time = 13.014511
[2026-05-08 20:02:44][INFO] RenderModule shutdown.
[2026-05-08 20:02:44][INFO] Render backend shutdown: Dx11RenderBackend
[2026-05-08 20:02:44][INFO] GpuModule shutdown.
[2026-05-08 20:02:44][INFO] SoundModule shutdown.
[2026-05-08 20:02:44][INFO] Logger shutdown.
[2026-05-08 20:05:33][INFO] SoundModule initialized.
[2026-05-08 20:05:34][INFO] Render backend initialized: Dx11RenderBackend | width=1280 | height=720
[2026-05-08 20:05:34][INFO] GpuModule initialized.
[2026-05-08 20:05:34][INFO] RenderModule initialized.
[2026-05-08 20:05:34][INFO] Logger startup complete.
[2026-05-08 20:05:35][INFO] XAudio2AudioBackend initialized.
[2026-05-08 20:05:35][INFO] SoundModule started | available = true
[2026-05-08 20:05:35][INFO] GpuModule started.
[2026-05-08 20:05:35][INFO] RenderModule started.
[2026-05-08 20:05:35][INFO] EngineCore startup complete.
[2026-05-08 20:05:35][INFO] Studio: engine bridge initialized.
[2026-05-08 20:05:35][INFO] Studio: HTTP server bound to http://127.0.0.1:37620 serving C:/Users/Neilwinn Pineda/Documents/Engine-Chili2.0/build/bin/studio/coretools/runtime
[2026-05-08 20:05:35][INFO] Studio: shell boot complete.
[2026-05-08 20:05:35][INFO] Studio: native outer window is active.
[2026-05-08 20:05:35][INFO] Studio: CoreTools entry = C:\Users\Neilwinn Pineda\Documents\Engine-Chili2.0\build\bin\studio/coretools/runtime/left-bar/left-bar.html
[2026-05-08 20:05:35][INFO] Studio: top bar entry = C:\Users\Neilwinn Pineda\Documents\Engine-Chili2.0\build\bin\studio/coretools/runtime/top-bar/top-bar.html
[2026-05-08 20:05:35][INFO] Studio: shell chrome = docked-top and docked-left via engine web dialog API.
[2026-05-08 20:05:35][INFO] Studio: File actions are driven by HTML dialogs through the Studio HTTP bridge.
[2026-05-08 20:05:35][INFO] Studio: native host entering main loop.
[2026-05-08 20:05:35][INFO] Studio: close the native window or press Escape to stop the studio host.
[2026-05-08 20:05:35][INFO] Render backend resized: Dx11RenderBackend | width=1536 | height=793
[2026-05-08 20:05:35][INFO] Platform event: window activated.
[2026-05-08 20:05:35][INFO] Window: 1536 x 793 | Viewport: 96, 82, 1140, 563 | Aspect: 2.0249
[2026-05-08 20:05:44][INFO] Emitting diagnostics report | time = 10.009392
[2026-05-08 20:05:53][INFO] Platform event: key down | code = 67
[2026-05-08 20:05:54][INFO] Platform event: key up | code = 67
[2026-05-08 20:05:54][INFO] Emitting diagnostics report | time = 20.025901
[2026-05-08 20:05:56][INFO] Platform event: key down | code = 82
[2026-05-08 20:05:56][INFO] Platform event: key up | code = 82
[2026-05-08 20:05:57][INFO] Platform event: key down | code = 82
[2026-05-08 20:05:57][INFO] Platform event: key up | code = 82
[2026-05-08 20:05:57][INFO] Platform event: key down | code = 82
[2026-05-08 20:05:57][INFO] Platform event: key up | code = 82
[2026-05-08 20:05:59][INFO] Platform event: key down | code = 82
[2026-05-08 20:05:59][INFO] Platform event: key up | code = 82
[2026-05-08 20:06:01][INFO] Platform event: key down | code = 82
[2026-05-08 20:06:01][INFO] Platform event: key up | code = 82
[2026-05-08 20:06:04][INFO] Emitting diagnostics report | time = 30.007241
[2026-05-08 20:06:14][INFO] Emitting diagnostics report | time = 40.022569
[2026-05-08 20:06:17][WARN] Platform event: window closed.
[2026-05-08 20:06:17][WARN] Platform event: window deactivated.
[2026-05-08 20:06:17][INFO] Window open state changed: false
[2026-05-08 20:06:17][INFO] Window active state changed: false
[2026-05-08 20:06:17][INFO] Studio: engine tick requested host shutdown.
[2026-05-08 20:06:17][INFO] Studio: HTTP server stopped.
[2026-05-08 20:06:17][INFO] Studio: engine bridge shutting down.
[2026-05-08 20:06:17][INFO] Shutdown summary | loops = 1751 | uptime = 42.786274 | total time = 42.786274
[2026-05-08 20:06:17][INFO] RenderModule shutdown.
[2026-05-08 20:06:17][INFO] Render backend shutdown: Dx11RenderBackend
[2026-05-08 20:06:17][INFO] GpuModule shutdown.
[2026-05-08 20:06:17][INFO] SoundModule shutdown.
[2026-05-08 20:06:17][INFO] Logger shutdown.
[2026-05-08 20:18:14][INFO] SoundModule initialized.
[2026-05-08 20:18:16][INFO] Render backend initialized: Dx11RenderBackend | width=1280 | height=720
[2026-05-08 20:18:16][INFO] GpuModule initialized.
[2026-05-08 20:18:16][INFO] RenderModule initialized.
[2026-05-08 20:18:16][INFO] Logger startup complete.
[2026-05-08 20:18:16][INFO] XAudio2AudioBackend initialized.
[2026-05-08 20:18:16][INFO] SoundModule started | available = true
[2026-05-08 20:18:16][INFO] GpuModule started.
[2026-05-08 20:18:16][INFO] RenderModule started.
[2026-05-08 20:18:16][INFO] EngineCore startup complete.
[2026-05-08 20:18:16][INFO] Studio: engine bridge initialized.
[2026-05-08 20:18:16][INFO] Studio: HTTP server bound to http://127.0.0.1:37620 serving C:/Users/Neilwinn Pineda/Documents/Engine-Chili2.0/build/bin/studio/coretools/runtime
[2026-05-08 20:18:16][INFO] Studio: shell boot complete.
[2026-05-08 20:18:16][INFO] Studio: native outer window is active.
[2026-05-08 20:18:16][INFO] Studio: CoreTools entry = C:\Users\Neilwinn Pineda\Documents\Engine-Chili2.0\build\bin\studio/coretools/runtime/left-bar/left-bar.html
[2026-05-08 20:18:16][INFO] Studio: top bar entry = C:\Users\Neilwinn Pineda\Documents\Engine-Chili2.0\build\bin\studio/coretools/runtime/top-bar/top-bar.html
[2026-05-08 20:18:16][INFO] Studio: shell chrome = docked-top and docked-left via engine web dialog API.
[2026-05-08 20:18:16][INFO] Studio: File actions are driven by HTML dialogs through the Studio HTTP bridge.
[2026-05-08 20:18:16][INFO] Studio: native host entering main loop.
[2026-05-08 20:18:16][INFO] Studio: close the native window or press Escape to stop the studio host.
[2026-05-08 20:18:16][INFO] Render backend resized: Dx11RenderBackend | width=1536 | height=793
[2026-05-08 20:18:16][INFO] Platform event: window activated.
[2026-05-08 20:18:16][INFO] Window: 1536 x 793 | Viewport: 96, 82, 1140, 563 | Aspect: 2.0249
[2026-05-08 20:18:26][INFO] Emitting diagnostics report | time = 10.003421
[2026-05-08 20:18:36][INFO] Emitting diagnostics report | time = 20.007685
[2026-05-08 20:18:36][WARN] Platform event: window deactivated.
[2026-05-08 20:18:36][INFO] Window active state changed: false
[2026-05-08 20:18:46][INFO] Emitting diagnostics report | time = 30.015483
[2026-05-08 20:18:56][INFO] Emitting diagnostics report | time = 40.004857
[2026-05-08 20:19:06][INFO] Emitting diagnostics report | time = 50.012279
[2026-05-08 20:19:16][INFO] Emitting diagnostics report | time = 60.018927
[2026-05-08 20:19:26][INFO] Emitting diagnostics report | time = 70.021394
[2026-05-08 20:19:28][INFO] Platform event: window activated.
[2026-05-08 20:19:28][INFO] Window active state changed: true
[2026-05-08 20:19:28][INFO] Platform event: key up | code = 9
[2026-05-08 20:19:29][WARN] Platform event: window closed.
[2026-05-08 20:19:29][WARN] Platform event: window deactivated.
[2026-05-08 20:19:29][INFO] Window open state changed: false
[2026-05-08 20:19:29][INFO] Window active state changed: false
[2026-05-08 20:19:29][INFO] Studio: engine tick requested host shutdown.
[2026-05-08 20:19:29][INFO] Studio: HTTP server stopped.
[2026-05-08 20:19:29][INFO] Studio: engine bridge shutting down.
[2026-05-08 20:19:29][INFO] Shutdown summary | loops = 3052 | uptime = 72.833768 | total time = 72.833768
[2026-05-08 20:19:29][INFO] RenderModule shutdown.
[2026-05-08 20:19:29][INFO] Render backend shutdown: Dx11RenderBackend
[2026-05-08 20:19:29][INFO] GpuModule shutdown.
[2026-05-08 20:19:29][INFO] SoundModule shutdown.
[2026-05-08 20:19:29][INFO] Logger shutdown.
[2026-05-08 20:20:58][INFO] SoundModule initialized.
[2026-05-08 20:21:00][INFO] Render backend initialized: Dx11RenderBackend | width=1280 | height=720
[2026-05-08 20:21:00][INFO] GpuModule initialized.
[2026-05-08 20:21:00][INFO] RenderModule initialized.
[2026-05-08 20:21:00][INFO] Logger startup complete.
[2026-05-08 20:21:00][INFO] XAudio2AudioBackend initialized.
[2026-05-08 20:21:00][INFO] SoundModule started | available = true
[2026-05-08 20:21:00][INFO] GpuModule started.
[2026-05-08 20:21:00][INFO] RenderModule started.
[2026-05-08 20:21:00][INFO] EngineCore startup complete.
[2026-05-08 20:21:00][INFO] Studio: engine bridge initialized.
[2026-05-08 20:21:00][INFO] Studio: HTTP server bound to http://127.0.0.1:37620 serving C:/Users/Neilwinn Pineda/Documents/Engine-Chili2.0/build/bin/studio/coretools/runtime
[2026-05-08 20:21:00][INFO] Studio: shell boot complete.
[2026-05-08 20:21:00][INFO] Studio: native outer window is active.
[2026-05-08 20:21:00][INFO] Studio: CoreTools entry = C:\Users\Neilwinn Pineda\Documents\Engine-Chili2.0\build\bin\studio/coretools/runtime/left-bar/left-bar.html
[2026-05-08 20:21:00][INFO] Studio: top bar entry = C:\Users\Neilwinn Pineda\Documents\Engine-Chili2.0\build\bin\studio/coretools/runtime/top-bar/top-bar.html
[2026-05-08 20:21:00][INFO] Studio: shell chrome = docked-top and docked-left via engine web dialog API.
[2026-05-08 20:21:00][INFO] Studio: File actions are driven by HTML dialogs through the Studio HTTP bridge.
[2026-05-08 20:21:00][INFO] Studio: native host entering main loop.
[2026-05-08 20:21:00][INFO] Studio: close the native window or press Escape to stop the studio host.
[2026-05-08 20:21:00][INFO] Render backend resized: Dx11RenderBackend | width=1536 | height=793
[2026-05-08 20:21:00][INFO] Platform event: window activated.
[2026-05-08 20:21:00][INFO] Window: 1536 x 793 | Viewport: 96, 82, 1140, 563 | Aspect: 2.0249
[2026-05-08 20:21:07][INFO] Platform event: key down | code = 17
[2026-05-08 20:21:07][INFO] Platform event: key down | code = 70
[2026-05-08 20:21:07][INFO] Platform event: key up | code = 17
[2026-05-08 20:21:07][INFO] Platform event: key up | code = 70
[2026-05-08 20:21:09][INFO] Platform event: key down | code = 17
[2026-05-08 20:21:09][INFO] Platform event: key down | code = 70
[2026-05-08 20:21:10][INFO] Platform event: key up | code = 17
[2026-05-08 20:21:10][INFO] Platform event: key up | code = 70
[2026-05-08 20:21:10][INFO] Emitting diagnostics report | time = 10.005290
[2026-05-08 20:21:11][INFO] Platform event: key down | code = 16
[2026-05-08 20:21:11][INFO] Platform event: key down | code = 70
[2026-05-08 20:21:11][INFO] Platform event: key up | code = 16
[2026-05-08 20:21:11][INFO] Platform event: key up | code = 70
[2026-05-08 20:21:12][INFO] Platform event: key down | code = 16
[2026-05-08 20:21:12][INFO] Platform event: key down | code = 70
[2026-05-08 20:21:12][INFO] Platform event: key up | code = 70
[2026-05-08 20:21:12][INFO] Platform event: key up | code = 16
[2026-05-08 20:21:17][INFO] Platform event: key down | code = 16
[2026-05-08 20:21:17][INFO] Platform event: key down | code = 70
[2026-05-08 20:21:17][INFO] Platform event: key up | code = 16
[2026-05-08 20:21:17][INFO] Platform event: key up | code = 70
[2026-05-08 20:21:20][INFO] Emitting diagnostics report | time = 20.010661
[2026-05-08 20:21:27][INFO] Platform event: key down | code = 16
[2026-05-08 20:21:27][INFO] Platform event: key down | code = 70
[2026-05-08 20:21:28][INFO] Platform event: key up | code = 16
[2026-05-08 20:21:28][INFO] Platform event: key up | code = 70
[2026-05-08 20:21:29][INFO] Platform event: key down | code = 16
[2026-05-08 20:21:30][INFO] Platform event: key down | code = 70
[2026-05-08 20:21:30][INFO] Platform event: key up | code = 16
[2026-05-08 20:21:30][INFO] Platform event: key up | code = 70
[2026-05-08 20:21:30][INFO] Emitting diagnostics report | time = 30.024093
[2026-05-08 20:21:40][INFO] Emitting diagnostics report | time = 40.012163
[2026-05-08 20:21:50][INFO] Emitting diagnostics report | time = 50.006037
[2026-05-08 20:22:00][INFO] Emitting diagnostics report | time = 60.011034
[2026-05-08 20:22:10][INFO] Emitting diagnostics report | time = 70.011464
[2026-05-08 20:22:13][WARN] Platform event: window closed.
[2026-05-08 20:22:13][WARN] Platform event: window deactivated.
[2026-05-08 20:22:13][INFO] Window open state changed: false
[2026-05-08 20:22:13][INFO] Window active state changed: false
[2026-05-08 20:22:13][INFO] Studio: engine tick requested host shutdown.
[2026-05-08 20:22:13][INFO] Studio: HTTP server stopped.
[2026-05-08 20:22:13][INFO] Studio: engine bridge shutting down.
[2026-05-08 20:22:13][INFO] Shutdown summary | loops = 3062 | uptime = 73.211424 | total time = 73.211424
[2026-05-08 20:22:13][INFO] RenderModule shutdown.
[2026-05-08 20:22:13][INFO] Render backend shutdown: Dx11RenderBackend
[2026-05-08 20:22:13][INFO] GpuModule shutdown.
[2026-05-08 20:22:13][INFO] SoundModule shutdown.
[2026-05-08 20:22:13][INFO] Logger shutdown.
[2026-05-08 21:01:56][INFO] SoundModule initialized.
[2026-05-08 21:01:58][INFO] Render backend initialized: Dx11RenderBackend | width=1280 | height=720
[2026-05-08 21:01:58][INFO] GpuModule initialized.
[2026-05-08 21:01:58][INFO] RenderModule initialized.
[2026-05-08 21:01:58][INFO] Logger startup complete.
[2026-05-08 21:01:59][INFO] XAudio2AudioBackend initialized.
[2026-05-08 21:01:59][INFO] SoundModule started | available = true
[2026-05-08 21:01:59][INFO] GpuModule started.
[2026-05-08 21:01:59][INFO] RenderModule started.
[2026-05-08 21:01:59][INFO] EngineCore startup complete.
[2026-05-08 21:01:59][INFO] Studio: engine bridge initialized.
[2026-05-08 21:01:59][INFO] Studio: HTTP server bound to http://127.0.0.1:37620 serving C:/Users/Neilwinn Pineda/Documents/Engine-Chili2.0/build/bin/studio/coretools/runtime
[2026-05-08 21:01:59][INFO] Studio: shell boot complete.
[2026-05-08 21:01:59][INFO] Studio: native outer window is active.
[2026-05-08 21:01:59][INFO] Studio: CoreTools entry = C:\Users\Neilwinn Pineda\Documents\Engine-Chili2.0\build\bin\studio/coretools/runtime/left-bar/left-bar.html
[2026-05-08 21:01:59][INFO] Studio: top bar entry = C:\Users\Neilwinn Pineda\Documents\Engine-Chili2.0\build\bin\studio/coretools/runtime/top-bar/top-bar.html
[2026-05-08 21:01:59][INFO] Studio: shell chrome = docked-top and docked-left via engine web dialog API.
[2026-05-08 21:01:59][INFO] Studio: File actions are driven by HTML dialogs through the Studio HTTP bridge.
[2026-05-08 21:01:59][INFO] Studio: native host entering main loop.
[2026-05-08 21:01:59][INFO] Studio: close the native window or press Escape to stop the studio host.
[2026-05-08 21:01:59][INFO] Render backend resized: Dx11RenderBackend | width=1536 | height=793
[2026-05-08 21:01:59][INFO] Platform event: window activated.
[2026-05-08 21:01:59][INFO] Window: 1536 x 793 | Viewport: 96, 82, 1140, 563 | Aspect: 2.0249
[2026-05-08 21:02:08][INFO] Emitting diagnostics report | time = 10.025492
[2026-05-08 21:02:18][INFO] Emitting diagnostics report | time = 20.023811
[2026-05-08 21:02:28][INFO] Emitting diagnostics report | time = 30.006116
[2026-05-08 21:02:38][INFO] Emitting diagnostics report | time = 40.028967
[2026-05-08 21:02:48][INFO] Emitting diagnostics report | time = 50.011632
[2026-05-08 21:02:53][WARN] Platform event: window closed.
[2026-05-08 21:02:53][WARN] Platform event: window deactivated.
[2026-05-08 21:02:53][INFO] Window open state changed: false
[2026-05-08 21:02:53][INFO] Window active state changed: false
[2026-05-08 21:02:53][INFO] Studio: engine tick requested host shutdown.
[2026-05-08 21:02:53][INFO] Studio: HTTP server stopped.
[2026-05-08 21:02:53][INFO] Studio: engine bridge shutting down.
[2026-05-08 21:02:53][INFO] Shutdown summary | loops = 2245 | uptime = 54.739874 | total time = 54.739874
[2026-05-08 21:02:53][INFO] RenderModule shutdown.
[2026-05-08 21:02:53][INFO] Render backend shutdown: Dx11RenderBackend
[2026-05-08 21:02:53][INFO] GpuModule shutdown.
[2026-05-08 21:02:53][INFO] SoundModule shutdown.
[2026-05-08 21:02:53][INFO] Logger shutdown.
[2026-05-08 21:18:01][INFO] SoundModule initialized.
[2026-05-08 21:18:02][INFO] Render backend initialized: Dx11RenderBackend | width=1280 | height=720
[2026-05-08 21:18:02][INFO] GpuModule initialized.
[2026-05-08 21:18:02][INFO] RenderModule initialized.
[2026-05-08 21:18:02][INFO] Logger startup complete.
[2026-05-08 21:18:02][INFO] XAudio2AudioBackend initialized.
[2026-05-08 21:18:02][INFO] SoundModule started | available = true
[2026-05-08 21:18:02][INFO] GpuModule started.
[2026-05-08 21:18:02][INFO] RenderModule started.
[2026-05-08 21:18:02][INFO] EngineCore startup complete.
[2026-05-08 21:18:02][INFO] Studio: engine bridge initialized.
[2026-05-08 21:18:02][INFO] Studio: HTTP server bound to http://127.0.0.1:37620 serving C:/Users/Neilwinn Pineda/Documents/Engine-Chili2.0/build/bin/studio/coretools/runtime
[2026-05-08 21:18:03][INFO] Studio: shell boot complete.
[2026-05-08 21:18:03][INFO] Studio: native outer window is active.
[2026-05-08 21:18:03][INFO] Studio: CoreTools entry = C:\Users\Neilwinn Pineda\Documents\Engine-Chili2.0\build\bin\studio/coretools/runtime/left-bar/left-bar.html
[2026-05-08 21:18:03][INFO] Studio: top bar entry = C:\Users\Neilwinn Pineda\Documents\Engine-Chili2.0\build\bin\studio/coretools/runtime/top-bar/top-bar.html
[2026-05-08 21:18:03][INFO] Studio: shell chrome = docked-top and docked-left via engine web dialog API.
[2026-05-08 21:18:03][INFO] Studio: File actions are driven by HTML dialogs through the Studio HTTP bridge.
[2026-05-08 21:18:03][INFO] Studio: native host entering main loop.
[2026-05-08 21:18:03][INFO] Studio: close the native window or press Escape to stop the studio host.
[2026-05-08 21:18:03][INFO] Render backend resized: Dx11RenderBackend | width=1536 | height=793
[2026-05-08 21:18:03][INFO] Platform event: window activated.
[2026-05-08 21:18:03][INFO] Window: 1536 x 793 | Viewport: 96, 82, 1140, 563 | Aspect: 2.0249
[2026-05-08 21:18:05][WARN] Platform event: window closed.
[2026-05-08 21:18:05][WARN] Platform event: window deactivated.
[2026-05-08 21:18:05][INFO] Window open state changed: false
[2026-05-08 21:18:05][INFO] Window active state changed: false
[2026-05-08 21:18:05][INFO] Studio: engine tick requested host shutdown.
[2026-05-08 21:18:05][INFO] Studio: HTTP server stopped.
[2026-05-08 21:18:05][INFO] Studio: engine bridge shutting down.
[2026-05-08 21:18:05][INFO] Shutdown summary | loops = 57 | uptime = 2.948559 | total time = 2.948559
[2026-05-08 21:18:05][INFO] RenderModule shutdown.
[2026-05-08 21:18:05][INFO] Render backend shutdown: Dx11RenderBackend
[2026-05-08 21:18:05][INFO] GpuModule shutdown.
[2026-05-08 21:18:05][INFO] SoundModule shutdown.
[2026-05-08 21:18:05][INFO] Logger shutdown.
[2026-05-08 21:23:41][INFO] SoundModule initialized.
[2026-05-08 21:23:42][INFO] Render backend initialized: Dx11RenderBackend | width=1280 | height=720
[2026-05-08 21:23:42][INFO] GpuModule initialized.
[2026-05-08 21:23:42][INFO] RenderModule initialized.
[2026-05-08 21:23:42][INFO] Logger startup complete.
[2026-05-08 21:23:43][INFO] XAudio2AudioBackend initialized.
[2026-05-08 21:23:43][INFO] SoundModule started | available = true
[2026-05-08 21:23:43][INFO] GpuModule started.
[2026-05-08 21:23:43][INFO] RenderModule started.
[2026-05-08 21:23:43][INFO] EngineCore startup complete.
[2026-05-08 21:23:43][INFO] Studio: engine bridge initialized.
[2026-05-08 21:23:43][INFO] Studio: HTTP server bound to http://127.0.0.1:37620 serving C:/Users/Neilwinn Pineda/Documents/Engine-Chili2.0/build/bin/studio/coretools/runtime
[2026-05-08 21:23:43][INFO] Studio: shell boot complete.
[2026-05-08 21:23:43][INFO] Studio: native outer window is active.
[2026-05-08 21:23:43][INFO] Studio: CoreTools entry = C:\Users\Neilwinn Pineda\Documents\Engine-Chili2.0\build\bin\studio/coretools/runtime/left-bar/left-bar.html
[2026-05-08 21:23:43][INFO] Studio: top bar entry = C:\Users\Neilwinn Pineda\Documents\Engine-Chili2.0\build\bin\studio/coretools/runtime/top-bar/top-bar.html
[2026-05-08 21:23:43][INFO] Studio: shell chrome = docked-top and docked-left via engine web dialog API.
[2026-05-08 21:23:43][INFO] Studio: File actions are driven by HTML dialogs through the Studio HTTP bridge.
[2026-05-08 21:23:43][INFO] Studio: native host entering main loop.
[2026-05-08 21:23:43][INFO] Studio: close the native window or press Escape to stop the studio host.
[2026-05-08 21:23:43][INFO] Render backend resized: Dx11RenderBackend | width=1536 | height=793
[2026-05-08 21:23:43][INFO] Platform event: window activated.
[2026-05-08 21:23:43][INFO] Window: 1536 x 793 | Viewport: 96, 82, 1140, 563 | Aspect: 2.0249
[2026-05-08 21:23:52][INFO] Emitting diagnostics report | time = 10.000693
[2026-05-08 21:24:02][INFO] Emitting diagnostics report | time = 20.177206
[2026-05-08 21:24:12][INFO] Emitting diagnostics report | time = 30.030974
[2026-05-08 21:24:18][WARN] Platform event: window closed.
[2026-05-08 21:24:18][WARN] Platform event: window deactivated.
[2026-05-08 21:24:18][INFO] Window open state changed: false
[2026-05-08 21:24:18][INFO] Window active state changed: false
[2026-05-08 21:24:18][INFO] Studio: engine tick requested host shutdown.
[2026-05-08 21:24:18][INFO] Studio: HTTP server stopped.
[2026-05-08 21:24:18][INFO] Studio: engine bridge shutting down.
[2026-05-08 21:24:18][INFO] Shutdown summary | loops = 1052 | uptime = 35.328572 | total time = 35.328572
[2026-05-08 21:24:18][INFO] RenderModule shutdown.
[2026-05-08 21:24:18][INFO] Render backend shutdown: Dx11RenderBackend
[2026-05-08 21:24:18][INFO] GpuModule shutdown.
[2026-05-08 21:24:18][INFO] SoundModule shutdown.
[2026-05-08 21:24:18][INFO] Logger shutdown.
[2026-05-10 22:49:45][INFO] SoundModule initialized.
[2026-05-10 22:49:46][INFO] Render backend initialized: Dx11RenderBackend | width=1280 | height=720
[2026-05-10 22:49:46][INFO] GpuModule initialized.
[2026-05-10 22:49:46][INFO] RenderModule initialized.
[2026-05-10 22:49:46][INFO] Logger startup complete.
[2026-05-10 22:49:46][INFO] XAudio2AudioBackend initialized.
[2026-05-10 22:49:46][INFO] SoundModule started | available = true
[2026-05-10 22:49:46][INFO] GpuModule started.
[2026-05-10 22:49:46][INFO] RenderModule started.
[2026-05-10 22:49:46][INFO] EngineCore startup complete.
[2026-05-10 22:49:46][INFO] Studio: engine bridge initialized.
[2026-05-10 22:49:46][INFO] Studio: HTTP server bound to http://127.0.0.1:37620 serving C:/Users/Neilwinn Pineda/Documents/Engine-Chili2.0/build/bin/studio/coretools/runtime
[2026-05-10 22:49:47][INFO] Studio: shell boot complete.
[2026-05-10 22:49:47][INFO] Studio: native outer window is active.
[2026-05-10 22:49:47][INFO] Studio: CoreTools entry = C:\Users\Neilwinn Pineda\Documents\Engine-Chili2.0\build\bin\studio/coretools/runtime/left-bar/left-bar.html
[2026-05-10 22:49:47][INFO] Studio: top bar entry = C:\Users\Neilwinn Pineda\Documents\Engine-Chili2.0\build\bin\studio/coretools/runtime/top-bar/top-bar.html
[2026-05-10 22:49:47][INFO] Studio: shell chrome = docked-top and docked-left via engine web dialog API.
[2026-05-10 22:49:47][INFO] Studio: File actions are driven by HTML dialogs through the Studio HTTP bridge.
[2026-05-10 22:49:47][INFO] Studio: native host entering main loop.
[2026-05-10 22:49:47][INFO] Studio: close the native window or press Escape to stop the studio host.
[2026-05-10 22:49:47][INFO] Render backend resized: Dx11RenderBackend | width=1536 | height=793
[2026-05-10 22:49:47][INFO] Platform event: window activated.
[2026-05-10 22:49:47][INFO] Window: 1536 x 793 | Viewport: 96, 82, 1140, 563 | Aspect: 2.0249
[2026-05-10 22:49:56][INFO] Emitting diagnostics report | time = 10.021487
[2026-05-10 22:50:06][INFO] Emitting diagnostics report | time = 20.024953
[2026-05-10 22:50:16][INFO] Emitting diagnostics report | time = 30.017371
[2026-05-10 22:50:18][WARN] Platform event: window closed.
[2026-05-10 22:50:18][WARN] Platform event: window deactivated.
[2026-05-10 22:50:18][INFO] Window open state changed: false
[2026-05-10 22:50:18][INFO] Window active state changed: false
[2026-05-10 22:50:18][INFO] Studio: engine tick requested host shutdown.
[2026-05-10 22:50:18][INFO] Studio: HTTP server stopped.
[2026-05-10 22:50:18][INFO] Studio: engine bridge shutting down.
[2026-05-10 22:50:18][INFO] Shutdown summary | loops = 1280 | uptime = 31.808820 | total time = 31.808820
[2026-05-10 22:50:18][INFO] RenderModule shutdown.
[2026-05-10 22:50:18][INFO] Render backend shutdown: Dx11RenderBackend
[2026-05-10 22:50:18][INFO] GpuModule shutdown.
[2026-05-10 22:50:18][INFO] SoundModule shutdown.
[2026-05-10 22:50:18][INFO] Logger shutdown.
[2026-05-10 22:58:26][INFO] SoundModule initialized.
[2026-05-10 22:58:27][INFO] Render backend initialized: Dx11RenderBackend | width=1280 | height=720
[2026-05-10 22:58:27][INFO] GpuModule initialized.
[2026-05-10 22:58:27][INFO] RenderModule initialized.
[2026-05-10 22:58:27][INFO] Logger startup complete.
[2026-05-10 22:58:27][INFO] XAudio2AudioBackend initialized.
[2026-05-10 22:58:27][INFO] SoundModule started | available = true
[2026-05-10 22:58:27][INFO] GpuModule started.
[2026-05-10 22:58:27][INFO] RenderModule started.
[2026-05-10 22:58:27][INFO] EngineCore startup complete.
[2026-05-10 22:58:27][INFO] Studio: engine bridge initialized.
[2026-05-10 22:58:27][INFO] Studio: HTTP server bound to http://127.0.0.1:37620 serving C:/Users/Neilwinn Pineda/Documents/Engine-Chili2.0/build/bin/studio/coretools/runtime
[2026-05-10 22:58:27][INFO] Studio: shell boot complete.
[2026-05-10 22:58:27][INFO] Studio: native outer window is active.
[2026-05-10 22:58:27][INFO] Studio: CoreTools entry = C:\Users\Neilwinn Pineda\Documents\Engine-Chili2.0\build\bin\studio/coretools/runtime/left-bar/left-bar.html
[2026-05-10 22:58:27][INFO] Studio: top bar entry = C:\Users\Neilwinn Pineda\Documents\Engine-Chili2.0\build\bin\studio/coretools/runtime/top-bar/top-bar.html
[2026-05-10 22:58:27][INFO] Studio: shell chrome = docked-top and docked-left via engine web dialog API.
[2026-05-10 22:58:27][INFO] Studio: File actions are driven by HTML dialogs through the Studio HTTP bridge.
[2026-05-10 22:58:27][INFO] Studio: native host entering main loop.
[2026-05-10 22:58:27][INFO] Studio: close the native window or press Escape to stop the studio host.
[2026-05-10 22:58:27][INFO] Render backend resized: Dx11RenderBackend | width=1536 | height=793
[2026-05-10 22:58:27][INFO] Platform event: window activated.
[2026-05-10 22:58:27][INFO] Window: 1536 x 793 | Viewport: 96, 82, 1140, 563 | Aspect: 2.0249
[2026-05-10 22:58:36][INFO] Platform event: key down | code = 18
[2026-05-10 22:58:37][INFO] Emitting diagnostics report | time = 10.026703
[2026-05-10 22:58:37][INFO] Platform event: key up | code = 18
[2026-05-10 22:58:47][WARN] Platform event: window closed.
[2026-05-10 22:58:47][WARN] Platform event: window deactivated.
[2026-05-10 22:58:47][INFO] Window open state changed: false
[2026-05-10 22:58:47][INFO] Window active state changed: false
[2026-05-10 22:58:47][INFO] Studio: engine tick requested host shutdown.
[2026-05-10 22:58:47][INFO] Studio: HTTP server stopped.
[2026-05-10 22:58:47][INFO] Studio: engine bridge shutting down.
[2026-05-10 22:58:47][INFO] Shutdown summary | loops = 812 | uptime = 19.745522 | total time = 19.745522
[2026-05-10 22:58:47][INFO] RenderModule shutdown.
[2026-05-10 22:58:47][INFO] Render backend shutdown: Dx11RenderBackend
[2026-05-10 22:58:47][INFO] GpuModule shutdown.
[2026-05-10 22:58:47][INFO] SoundModule shutdown.
[2026-05-10 22:58:47][INFO] Logger shutdown.
[2026-05-10 23:00:21][INFO] SoundModule initialized.
[2026-05-10 23:00:22][INFO] Render backend initialized: Dx11RenderBackend | width=1280 | height=720
[2026-05-10 23:00:22][INFO] GpuModule initialized.
[2026-05-10 23:00:22][INFO] RenderModule initialized.
[2026-05-10 23:00:22][INFO] Logger startup complete.
[2026-05-10 23:00:23][INFO] XAudio2AudioBackend initialized.
[2026-05-10 23:00:23][INFO] SoundModule started | available = true
[2026-05-10 23:00:23][INFO] GpuModule started.
[2026-05-10 23:00:23][INFO] RenderModule started.
[2026-05-10 23:00:23][INFO] EngineCore startup complete.
[2026-05-10 23:00:23][INFO] Studio: engine bridge initialized.
[2026-05-10 23:00:23][INFO] Studio: HTTP server bound to http://127.0.0.1:37620 serving C:/Users/Neilwinn Pineda/Documents/Engine-Chili2.0/build/bin/studio/coretools/runtime
[2026-05-10 23:00:23][INFO] Studio: shell boot complete.
[2026-05-10 23:00:23][INFO] Studio: native outer window is active.
[2026-05-10 23:00:23][INFO] Studio: CoreTools entry = C:\Users\Neilwinn Pineda\Documents\Engine-Chili2.0\build\bin\studio/coretools/runtime/left-bar/left-bar.html
[2026-05-10 23:00:23][INFO] Studio: top bar entry = C:\Users\Neilwinn Pineda\Documents\Engine-Chili2.0\build\bin\studio/coretools/runtime/top-bar/top-bar.html
[2026-05-10 23:00:23][INFO] Studio: shell chrome = docked-top and docked-left via engine web dialog API.
[2026-05-10 23:00:23][INFO] Studio: File actions are driven by HTML dialogs through the Studio HTTP bridge.
[2026-05-10 23:00:23][INFO] Studio: native host entering main loop.
[2026-05-10 23:00:23][INFO] Studio: close the native window or press Escape to stop the studio host.
[2026-05-10 23:00:23][INFO] Render backend resized: Dx11RenderBackend | width=1536 | height=793
[2026-05-10 23:00:23][INFO] Platform event: window activated.
[2026-05-10 23:00:23][INFO] Window: 1536 x 793 | Viewport: 96, 82, 1140, 563 | Aspect: 2.0249
[2026-05-10 23:00:27][INFO] Platform event: key down | code = 17
[2026-05-10 23:00:28][INFO] Platform event: key up | code = 17
[2026-05-10 23:00:32][INFO] Emitting diagnostics report | time = 10.018683
[2026-05-10 23:00:33][WARN] Platform event: window closed.
[2026-05-10 23:00:33][WARN] Platform event: window deactivated.
[2026-05-10 23:00:33][INFO] Window open state changed: false
[2026-05-10 23:00:33][INFO] Window active state changed: false
[2026-05-10 23:00:33][INFO] Studio: engine tick requested host shutdown.
[2026-05-10 23:00:33][INFO] Studio: HTTP server stopped.
[2026-05-10 23:00:33][INFO] Studio: engine bridge shutting down.
[2026-05-10 23:00:33][INFO] Shutdown summary | loops = 414 | uptime = 10.249893 | total time = 10.249893
[2026-05-10 23:00:33][INFO] RenderModule shutdown.
[2026-05-10 23:00:33][INFO] Render backend shutdown: Dx11RenderBackend
[2026-05-10 23:00:33][INFO] GpuModule shutdown.
[2026-05-10 23:00:33][INFO] SoundModule shutdown.
[2026-05-10 23:00:33][INFO] Logger shutdown.
